<?xml version="1.0" encoding="UTF-8"?>
<testng-results skipped="0" failed="6" ignored="0" total="9" passed="3">
  <reporter-output>
  </reporter-output>
  <suite name="Default suite" duration-ms="124697" started-at="2020-05-20T02:52:29Z" finished-at="2020-05-20T02:54:34Z">
    <groups>
    </groups>
    <test name="Default test" duration-ms="124697" started-at="2020-05-20T02:52:29Z" finished-at="2020-05-20T02:54:34Z">
      <class name="testScenarios.DateParser">
        <test-method status="PASS" signature="beforeSuite()[pri:0, instance:testScenarios.DateParser@523884b2]" name="beforeSuite" is-config="true" duration-ms="8" started-at="2020-05-20T08:22:29Z" finished-at="2020-05-20T08:22:29Z">
          <reporter-output>
          </reporter-output>
        </test-method> <!-- beforeSuite -->
        <test-method status="PASS" signature="setUp()[pri:0, instance:testScenarios.DateParser@523884b2]" name="setUp" is-config="true" duration-ms="18874" started-at="2020-05-20T08:22:29Z" finished-at="2020-05-20T08:22:48Z">
          <reporter-output>
          </reporter-output>
        </test-method> <!-- setUp -->
        <test-method status="PASS" signature="date(java.lang.String, java.lang.String, java.lang.String)[pri:1, instance:testScenarios.DateParser@523884b2]" name="date" duration-ms="1685" started-at="2020-05-20T08:22:48Z" data-provider="dates" finished-at="2020-05-20T08:22:50Z">
          <params>
            <param index="0">
              <value>
                <![CDATA[Formal Date]]>
              </value>
            </param>
            <param index="1">
              <value>
                <![CDATA[3/28/82]]>
              </value>
            </param>
            <param index="2">
              <value>
                <![CDATA[Sun Mar 28 1982 00:00:00 GMT+0000]]>
              </value>
            </param>
          </params>
          <reporter-output>
          </reporter-output>
        </test-method> <!-- date -->
        <test-method status="PASS" signature="tearDown()[pri:0, instance:testScenarios.DateParser@523884b2]" name="tearDown" is-config="true" duration-ms="601" started-at="2020-05-20T08:22:50Z" finished-at="2020-05-20T08:22:51Z">
          <reporter-output>
          </reporter-output>
        </test-method> <!-- tearDown -->
        <test-method status="PASS" signature="setUp()[pri:0, instance:testScenarios.DateParser@523884b2]" name="setUp" is-config="true" duration-ms="12409" started-at="2020-05-20T08:22:51Z" finished-at="2020-05-20T08:23:03Z">
          <reporter-output>
          </reporter-output>
        </test-method> <!-- setUp -->
        <test-method status="PASS" signature="date(java.lang.String, java.lang.String, java.lang.String)[pri:1, instance:testScenarios.DateParser@523884b2]" name="date" duration-ms="1299" started-at="2020-05-20T08:23:03Z" data-provider="dates" finished-at="2020-05-20T08:23:04Z">
          <params>
            <param index="0">
              <value>
                <![CDATA[Formal Date]]>
              </value>
            </param>
            <param index="1">
              <value>
                <![CDATA[1986/02/02]]>
              </value>
            </param>
            <param index="2">
              <value>
                <![CDATA[Sun Feb 02 1986 00:00:00 GMT+0000]]>
              </value>
            </param>
          </params>
          <reporter-output>
          </reporter-output>
        </test-method> <!-- date -->
        <test-method status="PASS" signature="tearDown()[pri:0, instance:testScenarios.DateParser@523884b2]" name="tearDown" is-config="true" duration-ms="649" started-at="2020-05-20T08:23:04Z" finished-at="2020-05-20T08:23:05Z">
          <reporter-output>
          </reporter-output>
        </test-method> <!-- tearDown -->
        <test-method status="PASS" signature="setUp()[pri:0, instance:testScenarios.DateParser@523884b2]" name="setUp" is-config="true" duration-ms="9609" started-at="2020-05-20T08:23:05Z" finished-at="2020-05-20T08:23:15Z">
          <reporter-output>
          </reporter-output>
        </test-method> <!-- setUp -->
        <test-method status="PASS" signature="date(java.lang.String, java.lang.String, java.lang.String)[pri:1, instance:testScenarios.DateParser@523884b2]" name="date" duration-ms="1255" started-at="2020-05-20T08:23:15Z" data-provider="dates" finished-at="2020-05-20T08:23:16Z">
          <params>
            <param index="0">
              <value>
                <![CDATA[Formal Date]]>
              </value>
            </param>
            <param index="1">
              <value>
                <![CDATA[1900-05-24]]>
              </value>
            </param>
            <param index="2">
              <value>
                <![CDATA[Thu May 24 1900 00:00:00 GMT+0000]]>
              </value>
            </param>
          </params>
          <reporter-output>
          </reporter-output>
        </test-method> <!-- date -->
        <test-method status="PASS" signature="tearDown()[pri:0, instance:testScenarios.DateParser@523884b2]" name="tearDown" is-config="true" duration-ms="1438" started-at="2020-05-20T08:23:16Z" finished-at="2020-05-20T08:23:17Z">
          <reporter-output>
          </reporter-output>
        </test-method> <!-- tearDown -->
        <test-method status="PASS" signature="setUp()[pri:0, instance:testScenarios.DateParser@523884b2]" name="setUp" is-config="true" duration-ms="11001" started-at="2020-05-20T08:23:17Z" finished-at="2020-05-20T08:23:28Z">
          <reporter-output>
          </reporter-output>
        </test-method> <!-- setUp -->
        <test-method status="FAIL" signature="date(java.lang.String, java.lang.String, java.lang.String)[pri:1, instance:testScenarios.DateParser@523884b2]" name="date" duration-ms="1348" started-at="2020-05-20T08:23:28Z" data-provider="dates" finished-at="2020-05-20T08:23:30Z">
          <params>
            <param index="0">
              <value>
                <![CDATA[Relaxed Date]]>
              </value>
            </param>
            <param index="1">
              <value>
                <![CDATA[Feb 2nd]]>
              </value>
            </param>
            <param index="2">
              <value>
                <![CDATA[Sun Feb 02 2020 00:00:00 GMT+0000]]>
              </value>
            </param>
          </params>
          <exception class="java.lang.AssertionError">
            <message>
              <![CDATA[Result not matching]]>
            </message>
            <full-stacktrace>
              <![CDATA[java.lang.AssertionError: Result not matching
	at org.testng.Assert.fail(Assert.java:93)
	at testScenarios.DateParser.date(DateParser.java:24)
	at sun.reflect.NativeMethodAccessorImpl.invoke0(Native Method)
	at sun.reflect.NativeMethodAccessorImpl.invoke(Unknown Source)
	at sun.reflect.DelegatingMethodAccessorImpl.invoke(Unknown Source)
	at java.lang.reflect.Method.invoke(Unknown Source)
	at org.testng.internal.MethodInvocationHelper.invokeMethod(MethodInvocationHelper.java:108)
	at org.testng.internal.Invoker.invokeMethod(Invoker.java:661)
	at org.testng.internal.Invoker.invokeTestMethod(Invoker.java:869)
	at org.testng.internal.Invoker.invokeTestMethods(Invoker.java:1193)
	at org.testng.internal.TestMethodWorker.invokeTestMethods(TestMethodWorker.java:126)
	at org.testng.internal.TestMethodWorker.run(TestMethodWorker.java:109)
	at org.testng.TestRunner.privateRun(TestRunner.java:744)
	at org.testng.TestRunner.run(TestRunner.java:602)
	at org.testng.SuiteRunner.runTest(SuiteRunner.java:380)
	at org.testng.SuiteRunner.runSequentially(SuiteRunner.java:375)
	at org.testng.SuiteRunner.privateRun(SuiteRunner.java:340)
	at org.testng.SuiteRunner.run(SuiteRunner.java:289)
	at org.testng.SuiteRunnerWorker.runSuite(SuiteRunnerWorker.java:52)
	at org.testng.SuiteRunnerWorker.run(SuiteRunnerWorker.java:86)
	at org.testng.TestNG.runSuitesSequentially(TestNG.java:1301)
	at org.testng.TestNG.runSuitesLocally(TestNG.java:1226)
	at org.testng.TestNG.runSuites(TestNG.java:1144)
	at org.testng.TestNG.run(TestNG.java:1115)
	at org.testng.remote.AbstractRemoteTestNG.run(AbstractRemoteTestNG.java:132)
	at org.testng.remote.RemoteTestNG.initAndRun(RemoteTestNG.java:230)
	at org.testng.remote.RemoteTestNG.main(RemoteTestNG.java:76)
]]>
            </full-stacktrace>
          </exception> <!-- java.lang.AssertionError -->
          <reporter-output>
          </reporter-output>
        </test-method> <!-- date -->
        <test-method status="PASS" signature="tearDown()[pri:0, instance:testScenarios.DateParser@523884b2]" name="tearDown" is-config="true" duration-ms="584" started-at="2020-05-20T08:23:30Z" finished-at="2020-05-20T08:23:30Z">
          <reporter-output>
          </reporter-output>
        </test-method> <!-- tearDown -->
        <test-method status="PASS" signature="setUp()[pri:0, instance:testScenarios.DateParser@523884b2]" name="setUp" is-config="true" duration-ms="10257" started-at="2020-05-20T08:23:30Z" finished-at="2020-05-20T08:23:40Z">
          <reporter-output>
          </reporter-output>
        </test-method> <!-- setUp -->
        <test-method status="FAIL" signature="date(java.lang.String, java.lang.String, java.lang.String)[pri:1, instance:testScenarios.DateParser@523884b2]" name="date" duration-ms="1302" started-at="2020-05-20T08:23:40Z" data-provider="dates" finished-at="2020-05-20T08:23:42Z">
          <params>
            <param index="0">
              <value>
                <![CDATA[Relaxed Date]]>
              </value>
            </param>
            <param index="1">
              <value>
                <![CDATA[Sun, Nov 21]]>
              </value>
            </param>
            <param index="2">
              <value>
                <![CDATA[Sun Nov 21 201000:00:00 GMT+0000]]>
              </value>
            </param>
          </params>
          <exception class="java.lang.AssertionError">
            <message>
              <![CDATA[Result not matching]]>
            </message>
            <full-stacktrace>
              <![CDATA[java.lang.AssertionError: Result not matching
	at org.testng.Assert.fail(Assert.java:93)
	at testScenarios.DateParser.date(DateParser.java:24)
	at sun.reflect.NativeMethodAccessorImpl.invoke0(Native Method)
	at sun.reflect.NativeMethodAccessorImpl.invoke(Unknown Source)
	at sun.reflect.DelegatingMethodAccessorImpl.invoke(Unknown Source)
	at java.lang.reflect.Method.invoke(Unknown Source)
	at org.testng.internal.MethodInvocationHelper.invokeMethod(MethodInvocationHelper.java:108)
	at org.testng.internal.Invoker.invokeMethod(Invoker.java:661)
	at org.testng.internal.Invoker.invokeTestMethod(Invoker.java:869)
	at org.testng.internal.Invoker.invokeTestMethods(Invoker.java:1193)
	at org.testng.internal.TestMethodWorker.invokeTestMethods(TestMethodWorker.java:126)
	at org.testng.internal.TestMethodWorker.run(TestMethodWorker.java:109)
	at org.testng.TestRunner.privateRun(TestRunner.java:744)
	at org.testng.TestRunner.run(TestRunner.java:602)
	at org.testng.SuiteRunner.runTest(SuiteRunner.java:380)
	at org.testng.SuiteRunner.runSequentially(SuiteRunner.java:375)
	at org.testng.SuiteRunner.privateRun(SuiteRunner.java:340)
	at org.testng.SuiteRunner.run(SuiteRunner.java:289)
	at org.testng.SuiteRunnerWorker.runSuite(SuiteRunnerWorker.java:52)
	at org.testng.SuiteRunnerWorker.run(SuiteRunnerWorker.java:86)
	at org.testng.TestNG.runSuitesSequentially(TestNG.java:1301)
	at org.testng.TestNG.runSuitesLocally(TestNG.java:1226)
	at org.testng.TestNG.runSuites(TestNG.java:1144)
	at org.testng.TestNG.run(TestNG.java:1115)
	at org.testng.remote.AbstractRemoteTestNG.run(AbstractRemoteTestNG.java:132)
	at org.testng.remote.RemoteTestNG.initAndRun(RemoteTestNG.java:230)
	at org.testng.remote.RemoteTestNG.main(RemoteTestNG.java:76)
]]>
            </full-stacktrace>
          </exception> <!-- java.lang.AssertionError -->
          <reporter-output>
          </reporter-output>
        </test-method> <!-- date -->
        <test-method status="PASS" signature="tearDown()[pri:0, instance:testScenarios.DateParser@523884b2]" name="tearDown" is-config="true" duration-ms="579" started-at="2020-05-20T08:23:42Z" finished-at="2020-05-20T08:23:42Z">
          <reporter-output>
          </reporter-output>
        </test-method> <!-- tearDown -->
        <test-method status="PASS" signature="setUp()[pri:0, instance:testScenarios.DateParser@523884b2]" name="setUp" is-config="true" duration-ms="10901" started-at="2020-05-20T08:23:42Z" finished-at="2020-05-20T08:23:53Z">
          <reporter-output>
          </reporter-output>
        </test-method> <!-- setUp -->
        <test-method status="FAIL" signature="date(java.lang.String, java.lang.String, java.lang.String)[pri:1, instance:testScenarios.DateParser@523884b2]" name="date" duration-ms="1275" started-at="2020-05-20T08:23:53Z" data-provider="dates" finished-at="2020-05-20T08:23:55Z">
          <params>
            <param index="0">
              <value>
                <![CDATA[Relaxed Date]]>
              </value>
            </param>
            <param index="1">
              <value>
                <![CDATA[December twenty-two]]>
              </value>
            </param>
            <param index="2">
              <value>
                <![CDATA[Tue Dec 22 2020 00:00:00 GMT+0000]]>
              </value>
            </param>
          </params>
          <exception class="java.lang.AssertionError">
            <message>
              <![CDATA[Result not matching]]>
            </message>
            <full-stacktrace>
              <![CDATA[java.lang.AssertionError: Result not matching
	at org.testng.Assert.fail(Assert.java:93)
	at testScenarios.DateParser.date(DateParser.java:24)
	at sun.reflect.NativeMethodAccessorImpl.invoke0(Native Method)
	at sun.reflect.NativeMethodAccessorImpl.invoke(Unknown Source)
	at sun.reflect.DelegatingMethodAccessorImpl.invoke(Unknown Source)
	at java.lang.reflect.Method.invoke(Unknown Source)
	at org.testng.internal.MethodInvocationHelper.invokeMethod(MethodInvocationHelper.java:108)
	at org.testng.internal.Invoker.invokeMethod(Invoker.java:661)
	at org.testng.internal.Invoker.invokeTestMethod(Invoker.java:869)
	at org.testng.internal.Invoker.invokeTestMethods(Invoker.java:1193)
	at org.testng.internal.TestMethodWorker.invokeTestMethods(TestMethodWorker.java:126)
	at org.testng.internal.TestMethodWorker.run(TestMethodWorker.java:109)
	at org.testng.TestRunner.privateRun(TestRunner.java:744)
	at org.testng.TestRunner.run(TestRunner.java:602)
	at org.testng.SuiteRunner.runTest(SuiteRunner.java:380)
	at org.testng.SuiteRunner.runSequentially(SuiteRunner.java:375)
	at org.testng.SuiteRunner.privateRun(SuiteRunner.java:340)
	at org.testng.SuiteRunner.run(SuiteRunner.java:289)
	at org.testng.SuiteRunnerWorker.runSuite(SuiteRunnerWorker.java:52)
	at org.testng.SuiteRunnerWorker.run(SuiteRunnerWorker.java:86)
	at org.testng.TestNG.runSuitesSequentially(TestNG.java:1301)
	at org.testng.TestNG.runSuitesLocally(TestNG.java:1226)
	at org.testng.TestNG.runSuites(TestNG.java:1144)
	at org.testng.TestNG.run(TestNG.java:1115)
	at org.testng.remote.AbstractRemoteTestNG.run(AbstractRemoteTestNG.java:132)
	at org.testng.remote.RemoteTestNG.initAndRun(RemoteTestNG.java:230)
	at org.testng.remote.RemoteTestNG.main(RemoteTestNG.java:76)
]]>
            </full-stacktrace>
          </exception> <!-- java.lang.AssertionError -->
          <reporter-output>
          </reporter-output>
        </test-method> <!-- date -->
        <test-method status="PASS" signature="tearDown()[pri:0, instance:testScenarios.DateParser@523884b2]" name="tearDown" is-config="true" duration-ms="577" started-at="2020-05-20T08:23:55Z" finished-at="2020-05-20T08:23:55Z">
          <reporter-output>
          </reporter-output>
        </test-method> <!-- tearDown -->
        <test-method status="PASS" signature="setUp()[pri:0, instance:testScenarios.DateParser@523884b2]" name="setUp" is-config="true" duration-ms="11665" started-at="2020-05-20T08:23:55Z" finished-at="2020-05-20T08:24:07Z">
          <reporter-output>
          </reporter-output>
        </test-method> <!-- setUp -->
        <test-method status="FAIL" signature="date(java.lang.String, java.lang.String, java.lang.String)[pri:1, instance:testScenarios.DateParser@523884b2]" name="date" duration-ms="995" started-at="2020-05-20T08:24:07Z" data-provider="dates" finished-at="2020-05-20T08:24:08Z">
          <params>
            <param index="0">
              <value>
                <![CDATA[Relative Date]]>
              </value>
            </param>
            <param index="1">
              <value>
                <![CDATA[5 years ago]]>
              </value>
            </param>
            <param index="2">
              <value>
                <![CDATA[Mon May 18 2015  00:00:00 GMT+0000]]>
              </value>
            </param>
          </params>
          <exception class="java.lang.AssertionError">
            <message>
              <![CDATA[Result not matching]]>
            </message>
            <full-stacktrace>
              <![CDATA[java.lang.AssertionError: Result not matching
	at org.testng.Assert.fail(Assert.java:93)
	at testScenarios.DateParser.date(DateParser.java:24)
	at sun.reflect.NativeMethodAccessorImpl.invoke0(Native Method)
	at sun.reflect.NativeMethodAccessorImpl.invoke(Unknown Source)
	at sun.reflect.DelegatingMethodAccessorImpl.invoke(Unknown Source)
	at java.lang.reflect.Method.invoke(Unknown Source)
	at org.testng.internal.MethodInvocationHelper.invokeMethod(MethodInvocationHelper.java:108)
	at org.testng.internal.Invoker.invokeMethod(Invoker.java:661)
	at org.testng.internal.Invoker.invokeTestMethod(Invoker.java:869)
	at org.testng.internal.Invoker.invokeTestMethods(Invoker.java:1193)
	at org.testng.internal.TestMethodWorker.invokeTestMethods(TestMethodWorker.java:126)
	at org.testng.internal.TestMethodWorker.run(TestMethodWorker.java:109)
	at org.testng.TestRunner.privateRun(TestRunner.java:744)
	at org.testng.TestRunner.run(TestRunner.java:602)
	at org.testng.SuiteRunner.runTest(SuiteRunner.java:380)
	at org.testng.SuiteRunner.runSequentially(SuiteRunner.java:375)
	at org.testng.SuiteRunner.privateRun(SuiteRunner.java:340)
	at org.testng.SuiteRunner.run(SuiteRunner.java:289)
	at org.testng.SuiteRunnerWorker.runSuite(SuiteRunnerWorker.java:52)
	at org.testng.SuiteRunnerWorker.run(SuiteRunnerWorker.java:86)
	at org.testng.TestNG.runSuitesSequentially(TestNG.java:1301)
	at org.testng.TestNG.runSuitesLocally(TestNG.java:1226)
	at org.testng.TestNG.runSuites(TestNG.java:1144)
	at org.testng.TestNG.run(TestNG.java:1115)
	at org.testng.remote.AbstractRemoteTestNG.run(AbstractRemoteTestNG.java:132)
	at org.testng.remote.RemoteTestNG.initAndRun(RemoteTestNG.java:230)
	at org.testng.remote.RemoteTestNG.main(RemoteTestNG.java:76)
]]>
            </full-stacktrace>
          </exception> <!-- java.lang.AssertionError -->
          <reporter-output>
          </reporter-output>
        </test-method> <!-- date -->
        <test-method status="PASS" signature="tearDown()[pri:0, instance:testScenarios.DateParser@523884b2]" name="tearDown" is-config="true" duration-ms="666" started-at="2020-05-20T08:24:08Z" finished-at="2020-05-20T08:24:08Z">
          <reporter-output>
          </reporter-output>
        </test-method> <!-- tearDown -->
        <test-method status="PASS" signature="setUp()[pri:0, instance:testScenarios.DateParser@523884b2]" name="setUp" is-config="true" duration-ms="11373" started-at="2020-05-20T08:24:08Z" finished-at="2020-05-20T08:24:20Z">
          <reporter-output>
          </reporter-output>
        </test-method> <!-- setUp -->
        <test-method status="FAIL" signature="date(java.lang.String, java.lang.String, java.lang.String)[pri:1, instance:testScenarios.DateParser@523884b2]" name="date" duration-ms="1185" started-at="2020-05-20T08:24:20Z" data-provider="dates" finished-at="2020-05-20T08:24:21Z">
          <params>
            <param index="0">
              <value>
                <![CDATA[Relative Date]]>
              </value>
            </param>
            <param index="1">
              <value>
                <![CDATA[next wed]]>
              </value>
            </param>
            <param index="2">
              <value>
                <![CDATA[Wed May 27 2020 00:00:00 GMT+0000]]>
              </value>
            </param>
          </params>
          <exception class="java.lang.AssertionError">
            <message>
              <![CDATA[Result not matching]]>
            </message>
            <full-stacktrace>
              <![CDATA[java.lang.AssertionError: Result not matching
	at org.testng.Assert.fail(Assert.java:93)
	at testScenarios.DateParser.date(DateParser.java:24)
	at sun.reflect.NativeMethodAccessorImpl.invoke0(Native Method)
	at sun.reflect.NativeMethodAccessorImpl.invoke(Unknown Source)
	at sun.reflect.DelegatingMethodAccessorImpl.invoke(Unknown Source)
	at java.lang.reflect.Method.invoke(Unknown Source)
	at org.testng.internal.MethodInvocationHelper.invokeMethod(MethodInvocationHelper.java:108)
	at org.testng.internal.Invoker.invokeMethod(Invoker.java:661)
	at org.testng.internal.Invoker.invokeTestMethod(Invoker.java:869)
	at org.testng.internal.Invoker.invokeTestMethods(Invoker.java:1193)
	at org.testng.internal.TestMethodWorker.invokeTestMethods(TestMethodWorker.java:126)
	at org.testng.internal.TestMethodWorker.run(TestMethodWorker.java:109)
	at org.testng.TestRunner.privateRun(TestRunner.java:744)
	at org.testng.TestRunner.run(TestRunner.java:602)
	at org.testng.SuiteRunner.runTest(SuiteRunner.java:380)
	at org.testng.SuiteRunner.runSequentially(SuiteRunner.java:375)
	at org.testng.SuiteRunner.privateRun(SuiteRunner.java:340)
	at org.testng.SuiteRunner.run(SuiteRunner.java:289)
	at org.testng.SuiteRunnerWorker.runSuite(SuiteRunnerWorker.java:52)
	at org.testng.SuiteRunnerWorker.run(SuiteRunnerWorker.java:86)
	at org.testng.TestNG.runSuitesSequentially(TestNG.java:1301)
	at org.testng.TestNG.runSuitesLocally(TestNG.java:1226)
	at org.testng.TestNG.runSuites(TestNG.java:1144)
	at org.testng.TestNG.run(TestNG.java:1115)
	at org.testng.remote.AbstractRemoteTestNG.run(AbstractRemoteTestNG.java:132)
	at org.testng.remote.RemoteTestNG.initAndRun(RemoteTestNG.java:230)
	at org.testng.remote.RemoteTestNG.main(RemoteTestNG.java:76)
]]>
            </full-stacktrace>
          </exception> <!-- java.lang.AssertionError -->
          <reporter-output>
          </reporter-output>
        </test-method> <!-- date -->
        <test-method status="PASS" signature="tearDown()[pri:0, instance:testScenarios.DateParser@523884b2]" name="tearDown" is-config="true" duration-ms="692" started-at="2020-05-20T08:24:21Z" finished-at="2020-05-20T08:24:22Z">
          <reporter-output>
          </reporter-output>
        </test-method> <!-- tearDown -->
        <test-method status="PASS" signature="setUp()[pri:0, instance:testScenarios.DateParser@523884b2]" name="setUp" is-config="true" duration-ms="9958" started-at="2020-05-20T08:24:22Z" finished-at="2020-05-20T08:24:32Z">
          <reporter-output>
          </reporter-output>
        </test-method> <!-- setUp -->
        <test-method status="FAIL" signature="date(java.lang.String, java.lang.String, java.lang.String)[pri:1, instance:testScenarios.DateParser@523884b2]" name="date" duration-ms="1105" started-at="2020-05-20T08:24:32Z" data-provider="dates" finished-at="2020-05-20T08:24:33Z">
          <params>
            <param index="0">
              <value>
                <![CDATA[Relative Time]]>
              </value>
            </param>
            <param index="1">
              <value>
                <![CDATA[10 seconds ago]]>
              </value>
            </param>
            <param index="2">
              <value>
                <![CDATA[Mon May 18 202013:56:17GMT+0000]]>
              </value>
            </param>
          </params>
          <exception class="java.lang.AssertionError">
            <message>
              <![CDATA[Result not matching]]>
            </message>
            <full-stacktrace>
              <![CDATA[java.lang.AssertionError: Result not matching
	at org.testng.Assert.fail(Assert.java:93)
	at testScenarios.DateParser.date(DateParser.java:24)
	at sun.reflect.NativeMethodAccessorImpl.invoke0(Native Method)
	at sun.reflect.NativeMethodAccessorImpl.invoke(Unknown Source)
	at sun.reflect.DelegatingMethodAccessorImpl.invoke(Unknown Source)
	at java.lang.reflect.Method.invoke(Unknown Source)
	at org.testng.internal.MethodInvocationHelper.invokeMethod(MethodInvocationHelper.java:108)
	at org.testng.internal.Invoker.invokeMethod(Invoker.java:661)
	at org.testng.internal.Invoker.invokeTestMethod(Invoker.java:869)
	at org.testng.internal.Invoker.invokeTestMethods(Invoker.java:1193)
	at org.testng.internal.TestMethodWorker.invokeTestMethods(TestMethodWorker.java:126)
	at org.testng.internal.TestMethodWorker.run(TestMethodWorker.java:109)
	at org.testng.TestRunner.privateRun(TestRunner.java:744)
	at org.testng.TestRunner.run(TestRunner.java:602)
	at org.testng.SuiteRunner.runTest(SuiteRunner.java:380)
	at org.testng.SuiteRunner.runSequentially(SuiteRunner.java:375)
	at org.testng.SuiteRunner.privateRun(SuiteRunner.java:340)
	at org.testng.SuiteRunner.run(SuiteRunner.java:289)
	at org.testng.SuiteRunnerWorker.runSuite(SuiteRunnerWorker.java:52)
	at org.testng.SuiteRunnerWorker.run(SuiteRunnerWorker.java:86)
	at org.testng.TestNG.runSuitesSequentially(TestNG.java:1301)
	at org.testng.TestNG.runSuitesLocally(TestNG.java:1226)
	at org.testng.TestNG.runSuites(TestNG.java:1144)
	at org.testng.TestNG.run(TestNG.java:1115)
	at org.testng.remote.AbstractRemoteTestNG.run(AbstractRemoteTestNG.java:132)
	at org.testng.remote.RemoteTestNG.initAndRun(RemoteTestNG.java:230)
	at org.testng.remote.RemoteTestNG.main(RemoteTestNG.java:76)
]]>
            </full-stacktrace>
          </exception> <!-- java.lang.AssertionError -->
          <reporter-output>
          </reporter-output>
        </test-method> <!-- date -->
        <test-method status="PASS" signature="tearDown()[pri:0, instance:testScenarios.DateParser@523884b2]" name="tearDown" is-config="true" duration-ms="795" started-at="2020-05-20T08:24:33Z" finished-at="2020-05-20T08:24:34Z">
          <reporter-output>
          </reporter-output>
        </test-method> <!-- tearDown -->
        <test-method status="PASS" signature="afterSuite()[pri:0, instance:testScenarios.DateParser@523884b2]" name="afterSuite" is-config="true" duration-ms="0" started-at="2020-05-20T08:24:34Z" finished-at="2020-05-20T08:24:34Z">
          <reporter-output>
          </reporter-output>
        </test-method> <!-- afterSuite -->
      </class> <!-- testScenarios.DateParser -->
    </test> <!-- Default test -->
  </suite> <!-- Default suite -->
</testng-results>
